Build started 8/18/2014 11:06:17 AM.
     1>Project "H:\IT 356\coding\SFMLWithOpenGL\SFMLWithOpenGL\SFMLWithOpenGL.vcxproj" on node 2 (build target(s)).
     1>InitializeBuildStatus:
         Creating "Release\SFMLWithOpenGL.unsuccessfulbuild" because "AlwaysCreate" was specified.
       ClCompile:
         c:\Program Files (x86)\Microsoft Visual Studio 10.0\VC\bin\CL.exe /c /IC:\Users\ashesh\Documents\coding\commons\graphics\headers /Zi /nologo /W3 /WX- /O2 /Oi /Oy- /GL /D WIN32 /D NDEBUG /D _CONSOLE /D _UNICODE /D UNICODE /Gm- /EHsc /MD /GS /Gy /fp:precise /Zc:wchar_t /Zc:forScope /Fo"Release\\" /Fd"Release\vc100.pdb" /Gd /TP /analyze- /errorReport:prompt main.cpp View.cpp
         main.cpp
         View.cpp
       Link:
         c:\Program Files (x86)\Microsoft Visual Studio 10.0\VC\bin\link.exe /ERRORREPORT:PROMPT /OUT:"H:\IT 356\coding\SFMLWithOpenGL\Release\SFMLWithOpenGL.exe" /INCREMENTAL:NO /NOLOGO /LIBPATH:C:\Users\ashesh\Documents\coding\commons\graphics\lib\SFML /LIBPATH:C:\Users\ashesh\Documents\coding\commons\graphics\lib\GL "sfml-main.lib" "sfml-graphics.lib" "sfml-system.lib" "sfml-window.lib" opengl32.lib glew32.lib kernel32.lib user32.lib gdi32.lib winspool.lib comdlg32.lib advapi32.lib shell32.lib ole32.lib oleaut32.lib uuid.lib odbc32.lib odbccp32.lib kernel32.lib user32.lib gdi32.lib winspool.lib comdlg32.lib advapi32.lib shell32.lib ole32.lib oleaut32.lib uuid.lib odbc32.lib odbccp32.lib /MANIFEST /ManifestFile:"Release\SFMLWithOpenGL.exe.intermediate.manifest" /MANIFESTUAC:"level='asInvoker' uiAccess='false'" /DEBUG /PDB:"H:\IT 356\coding\SFMLWithOpenGL\Release\SFMLWithOpenGL.pdb" /SUBSYSTEM:CONSOLE /OPT:REF /OPT:ICF /LTCG /TLBID:1 /DYNAMICBASE /NXCOMPAT /IMPLIB:"H:\IT 356\coding\SFMLWithOpenGL\Release\SFMLWithOpenGL.lib" /MACHINE:X86 Release\main.obj
         Release\View.obj
         Generating code
         Finished generating code
         SFMLWithOpenGL.vcxproj -> H:\IT 356\coding\SFMLWithOpenGL\Release\SFMLWithOpenGL.exe
       Manifest:
         C:\Program Files (x86)\Microsoft SDKs\Windows\v7.0A\bin\mt.exe /nologo /verbose /outputresource:"H:\IT 356\coding\SFMLWithOpenGL\Release\SFMLWithOpenGL.exe;#1" /manifest Release\SFMLWithOpenGL.exe.intermediate.manifest
       FinalizeBuildStatus:
         Deleting file "Release\SFMLWithOpenGL.unsuccessfulbuild".
         Touching "Release\SFMLWithOpenGL.lastbuildstate".
     1>Done Building Project "H:\IT 356\coding\SFMLWithOpenGL\SFMLWithOpenGL\SFMLWithOpenGL.vcxproj" (build target(s)).

Build succeeded.

Time Elapsed 00:00:02.96
